do nothing
[Modelarts Service Log]user: uid=1101(work) gid=1101(work) groups=1101(work),1000(HwHiAiUser)
[Modelarts Service Log]pwd: /home/work
[Modelarts Service Log]app_url: s3://yolov3-test2/train_out/MA-FaceDetection-08-12-16-14/code/
[Modelarts Service Log]boot_file: code/train.py
[Modelarts Service Log]log_url: /tmp/log/MA-FaceDetection-08-12-16-14.log
[Modelarts Service Log]command: code/train.py --data_url=s3://yolov3-test2/widerface/ --train_url=s3://yolov3-test2/train_out/MA-FaceDetection-08-12-16-14/output/V0022/
[Modelarts Service Log]local_code_dir: 
[Modelarts Service Log]Training start at 2021-08-13-15:56:38
[Modelarts Service Log][modelarts_create_log] modelarts-pipe found
[ModelArts Service Log]modelarts-pipe: will create log file /tmp/log/MA-FaceDetection-08-12-16-14.log
[Modelarts Service Log]handle inputs of training job
INFO:root:Using MoXing-v2.0.0.rc0.edc4eece-edc4eece
INFO:root:Using OBS-Python-SDK-3.20.9.1
[ModelArts Service Log][INFO][2021/08/13 15:56:39]: env MA_INPUTS is not found, skip the inputs handler
ln: failed to create symbolic link '/home/work/modelarts/outputs': No such file or directory
INFO:root:Using MoXing-v2.0.0.rc0.edc4eece-edc4eece
INFO:root:Using OBS-Python-SDK-3.20.9.1
[ModelArts Service Log]2021-08-13 15:56:40,560 - modelarts-downloader.py[line:623] - INFO: Main: modelarts-downloader starting with Namespace(dst='./', recursive=True, skip_creating_dir=False, src='s3://yolov3-test2/train_out/MA-FaceDetection-08-12-16-14/code/', trace=False, type='common', verbose=False)
[Modelarts Service Log][modelarts_logger] modelarts-pipe found
[ModelArts Service Log]modelarts-pipe: will create log file /tmp/log/MA-FaceDetection-08-12-16-14.log
[ModelArts Service Log]modelarts-pipe: will write log file /tmp/log/MA-FaceDetection-08-12-16-14.log
[ModelArts Service Log]modelarts-pipe: param for max log length: 1073741824
[ModelArts Service Log]modelarts-pipe: param for whether exit on overflow: 0
[ModelArts Service Log]modelarts-pipe: total length: 24
/home/work/user-job-dir
[Modelarts Service Log][modelarts_logger] modelarts-pipe found
[ModelArts Service Log]modelarts-pipe: will create log file /tmp/log/MA-FaceDetection-08-12-16-14.log
[ModelArts Service Log]modelarts-pipe: will write log file /tmp/log/MA-FaceDetection-08-12-16-14.log
[ModelArts Service Log]modelarts-pipe: param for max log length: 1073741824
[ModelArts Service Log]modelarts-pipe: param for whether exit on overflow: 0
INFO:root:Using MoXing-v2.0.0.rc0.edc4eece-edc4eece
INFO:root:Using OBS-Python-SDK-3.20.9.1
[Modelarts Service Log]2021-08-13 15:56:42,917 - INFO - background upload stdout log to s3://yolov3-test2/train_out/MA-FaceDetection-08-12-16-14/log/job4876e903-job-ma-facedetection-08-0.log
[Modelarts Service Log]2021-08-13 15:56:42,927 - INFO - Ascend Driver: Version=20.2.0
[Modelarts Service Log]2021-08-13 15:56:42,927 - INFO - you are advised to use ASCEND_DEVICE_ID env instead of DEVICE_ID, as the DEVICE_ID env will be discarded in later versions
[Modelarts Service Log]2021-08-13 15:56:42,928 - INFO - particularly, ${ASCEND_DEVICE_ID} == ${DEVICE_ID}, it's the logical device id
[Modelarts Service Log]2021-08-13 15:56:42,928 - INFO - Davinci training command
[Modelarts Service Log]2021-08-13 15:56:42,928 - INFO - ['/usr/bin/python', '/home/work/user-job-dir/code/train.py', '--data_url=s3://yolov3-test2/widerface/', '--train_url=s3://yolov3-test2/train_out/MA-FaceDetection-08-12-16-14/output/V0022/']
[Modelarts Service Log]2021-08-13 15:56:42,928 - INFO - Wait for Rank table file ready
[Modelarts Service Log]2021-08-13 15:56:42,928 - INFO - Rank table file (K8S generated) is ready for read
[Modelarts Service Log]2021-08-13 15:56:42,928 - INFO - 
{
    "status": "completed",
    "group_count": "1",
    "group_list": [
        {
            "group_name": "job-ma-facedetection-08",
            "device_count": "1",
            "instance_count": "1",
            "instance_list": [
                {
                    "pod_name": "job4876e903-job-ma-facedetection-08-0",
                    "server_id": "192.168.0.156",
                    "devices": [
                        {
                            "device_id": "1",
                            "device_ip": "192.2.125.248"
                        }
                    ]
                }
            ]
        }
    ]
}
[Modelarts Service Log]2021-08-13 15:56:42,929 - INFO - Rank table file (C7x)
[Modelarts Service Log]2021-08-13 15:56:42,929 - INFO - 
{
    "status": "completed",
    "version": "1.0",
    "server_count": "1",
    "server_list": [
        {
            "server_id": "192.168.0.156",
            "device": [
                {
                    "device_id": "1",
                    "device_ip": "192.2.125.248",
                    "rank_id": "0"
                }
            ]
        }
    ]
}
[Modelarts Service Log]2021-08-13 15:56:42,929 - INFO - Rank table file (C7x) is generated
[Modelarts Service Log]2021-08-13 15:56:42,929 - INFO - Current server
[Modelarts Service Log]2021-08-13 15:56:42,930 - INFO - 
{
    "server_id": "192.168.0.156",
    "device": [
        {
            "device_id": "1",
            "device_ip": "192.2.125.248",
            "rank_id": "0"
        }
    ]
}
[Modelarts Service Log]2021-08-13 15:56:42,930 - INFO - bootstrap proc-rank-0-device-0
[Modelarts Service Log]2021-08-13 15:56:42,938 - INFO - proc-rank-0-device-0 (pid: 106)
[EVENT] PROFILING(106,python):2021-08-13-15:56:43.386.926 [msprof_callback_impl.cpp:151] >>> (tid:106) Started to register profiling callbacks to acl
[EVENT] PROFILING(106,python):2021-08-13-15:56:43.423.183 [msprof_callback_impl.cpp:151] >>> (tid:106) Started to register profiling callbacks to acl
[EVENT] PROFILING(106,python):2021-08-13-15:56:43.548.062 [msprof_callback_impl.cpp:151] >>> (tid:106) Started to register profiling callbacks to acl
{'run_platform': 'run platform, support Ascend and CPU.', 'mindrecord_path': 'dataset path, e.g. /home/data.mindrecord', 'pretrained': 'pretrained model to load', 'local_rank': 'current rank to support distributed', 'use_loss_scale': 'Whether use dynamic loss scale, default is True.'}
from path:  s3://yolov3-test2/widerface/
to path:  /cache/data
===finish data synchronization===
===save flag===
Finish sync data from s3://yolov3-test2/widerface/ to /cache/data.
Dataset downloaded:  ['face_detect_dataset.zip']
from path:  s3://yolov3-test2/train_out/MA-FaceDetection-08-12-16-14/output/V0022/
to path:  /cache/train
INFO:root:No files to copy.
===finish data synchronization===
===save flag===
Finish sync data from s3://yolov3-test2/train_out/MA-FaceDetection-08-12-16-14/output/V0022/ to /cache/train.
Workspace downloaded:  []
Zip file path:  /cache/data/face_detect_dataset.zip
Unzip file save dir:  /cache/data
Extract Start...
unzip file num: 4
unzip percent: 0%
unzip percent: 25%
unzip percent: 50%
unzip percent: 75%
cost time: 0min:11s.
Extract Done.
===Finish extract data synchronization===
Device: 0, Finish sync unzip data from /cache/data/face_detect_dataset.zip to /cache/data.
config.outputs_dir /cache/train/output/2021-08-13_time_15_57_08
=============yolov3 start trainging==================
2021-08-13 15:57:08,136:INFO:start create dataloader
Traceback (most recent call last):
  File "/home/work/user-job-dir/code/train.py", line 217, in <module>
    run_train()
  File "/cache/user-job-dir/code/model_utils/moxing_adapter.py", line 105, in wrapped_func
    run_func(*args, **kwargs)
  File "/home/work/user-job-dir/code/train.py", line 133, in run_train
    ds = create_dataset(config)######
  File "/cache/user-job-dir/code/src/data_preprocess.py", line 256, in create_dataset
    print(ds.get_col_names())
  File "/usr/local/ma/python3.7/lib/python3.7/site-packages/mindspore/dataset/engine/datasets.py", line 1458, in get_col_names
    self._col_names = runtime_getter[0].GetColumnNames()
RuntimeError: Thread ID 281473865525840 Unexpected error. MindRecordOp init failed, operator failed
Line of code : 143
File         : /home/jenkins/agent-working-dir/workspace/Compile_Ascend_ARM_EulerOS/mindspore/mindspore/ccsrc/minddata/dataset/engine/datasetops/source/mindrecord_op.cc
[EVENT] IDEDH(106,python):2021-08-13-15:57:08.509.952 [adx_server_manager.cpp:27][tid:106]>>> start to deconstruct adx server manager
[EVENT] IDEDH(106,python):2021-08-13-15:57:08.554.399 [adx_server_manager.cpp:27][tid:106]>>> start to deconstruct adx server manager
[EVENT] IDEDH(106,python):2021-08-13-15:57:08.604.839 [adx_server_manager.cpp:27][tid:106]>>> start to deconstruct adx server manager
[EVENT] IDEDH(106,python):2021-08-13-15:57:08.606.082 [adx_server_manager.cpp:27][tid:106]>>> start to deconstruct adx server manager
[Modelarts Service Log]2021-08-13 15:57:08,968 - ERROR - proc-rank-0-device-0 (pid: 106) has exited with non-zero code: 1
[Modelarts Service Log]2021-08-13 15:57:08,968 - INFO - Begin destroy training processes
[Modelarts Service Log]2021-08-13 15:57:08,969 - INFO - proc-rank-0-device-0 (pid: 106) has exited
[Modelarts Service Log]2021-08-13 15:57:08,969 - INFO - End destroy training processes
[Modelarts Service Log]2021-08-13 15:57:09,037 - INFO - final upload stdout log done
[ModelArts Service Log]modelarts-pipe: total length: 6745
[Modelarts Service Log]Training end with return code: 1
[Modelarts Service Log]upload ascend-log to s3://yolov3-test2/train_out/MA-FaceDetection-08-12-16-14/log/ascend-log/ at 2021-08-13-15:57:09
upload_tail_log.py -l 2048 -o s3://yolov3-test2/train_out/MA-FaceDetection-08-12-16-14/log/ascend-log/
list /home/work/ascend/log
totally, 0 ascend log files to be uploaded
INFO:root:No files to copy.
[Modelarts Service Log]upload ascend-log end at 2021-08-13-15:57:09
[Modelarts Service Log]Training end at 2021-08-13-15:57:09
[Modelarts Service Log]Training completed.
