do nothing
[Modelarts Service Log]user: uid=1101(work) gid=1101(work) groups=1101(work),1000(HwHiAiUser)
[Modelarts Service Log]pwd: /home/work
[Modelarts Service Log]app_url: s3://yolov3-test2/train_out/MA-FaceDetection-08-12-16-14/code/
[Modelarts Service Log]boot_file: code/train.py
[Modelarts Service Log]log_url: /tmp/log/MA-FaceDetection-08-12-16-14.log
[Modelarts Service Log]command: code/train.py --data_url=s3://yolov3-test2/widerface/ --train_url=s3://yolov3-test2/train_out/MA-FaceDetection-08-12-16-14/output/V0012/
[Modelarts Service Log]local_code_dir: 
[Modelarts Service Log]Training start at 2021-08-12-18:42:25
[Modelarts Service Log][modelarts_create_log] modelarts-pipe found
[ModelArts Service Log]modelarts-pipe: will create log file /tmp/log/MA-FaceDetection-08-12-16-14.log
[Modelarts Service Log]handle inputs of training job
INFO:root:Using MoXing-v1.17.3-43fbf97f
INFO:root:Using OBS-Python-SDK-3.20.7
[ModelArts Service Log][INFO][2021/08/12 18:42:26]: env MA_INPUTS is not found, skip the inputs handler
INFO:root:Using MoXing-v1.17.3-43fbf97f
INFO:root:Using OBS-Python-SDK-3.20.7
[ModelArts Service Log]2021-08-12 18:42:27,215 - modelarts-downloader.py[line:620] - INFO: Main: modelarts-downloader starting with Namespace(dst='./', recursive=True, skip_creating_dir=False, src='s3://yolov3-test2/train_out/MA-FaceDetection-08-12-16-14/code/', trace=False, type='common', verbose=False)
[Modelarts Service Log][modelarts_logger] modelarts-pipe found
[ModelArts Service Log]modelarts-pipe: will create log file /tmp/log/MA-FaceDetection-08-12-16-14.log
[ModelArts Service Log]modelarts-pipe: will write log file /tmp/log/MA-FaceDetection-08-12-16-14.log
[ModelArts Service Log]modelarts-pipe: param for max log length: 1073741824
[ModelArts Service Log]modelarts-pipe: param for whether exit on overflow: 0
/home/work/user-job-dir
[ModelArts Service Log]modelarts-pipe: total length: 24
[Modelarts Service Log][modelarts_logger] modelarts-pipe found
[ModelArts Service Log]modelarts-pipe: will create log file /tmp/log/MA-FaceDetection-08-12-16-14.log
[ModelArts Service Log]modelarts-pipe: will write log file /tmp/log/MA-FaceDetection-08-12-16-14.log
[ModelArts Service Log]modelarts-pipe: param for max log length: 1073741824
[ModelArts Service Log]modelarts-pipe: param for whether exit on overflow: 0
INFO:root:Using MoXing-v1.17.3-43fbf97f
INFO:root:Using OBS-Python-SDK-3.20.7
[Modelarts Service Log]2021-08-12 18:42:28,437 - WARNING - stdout log /var/log/batch-task/job65845655/job-ma-facedetection-08/stdout.log is not found
[Modelarts Service Log]2021-08-12 18:42:28,446 - INFO - Ascend Driver: Version=20.2.0
[Modelarts Service Log]2021-08-12 18:42:28,446 - INFO - you are advised to use ASCEND_DEVICE_ID env instead of DEVICE_ID, as the DEVICE_ID env will be discarded in later versions
[Modelarts Service Log]2021-08-12 18:42:28,447 - INFO - particularly, ${ASCEND_DEVICE_ID} == ${DEVICE_ID}, it's the logical device id
[Modelarts Service Log]2021-08-12 18:42:28,447 - INFO - Davinci training command
[Modelarts Service Log]2021-08-12 18:42:28,447 - INFO - ['/usr/bin/python', '/home/work/user-job-dir/code/train.py', '--data_url=s3://yolov3-test2/widerface/', '--train_url=s3://yolov3-test2/train_out/MA-FaceDetection-08-12-16-14/output/V0012/']
[Modelarts Service Log]2021-08-12 18:42:28,447 - INFO - Wait for Rank table file ready
[Modelarts Service Log]2021-08-12 18:42:28,447 - INFO - Rank table file (K8S generated) is ready for read
[Modelarts Service Log]2021-08-12 18:42:28,447 - INFO - 
{
    "status": "completed",
    "group_count": "1",
    "group_list": [
        {
            "group_name": "job-ma-facedetection-08",
            "device_count": "1",
            "instance_count": "1",
            "instance_list": [
                {
                    "pod_name": "job65845655-job-ma-facedetection-08-0",
                    "server_id": "192.168.0.242",
                    "devices": [
                        {
                            "device_id": "5",
                            "device_ip": "192.2.171.121"
                        }
                    ]
                }
            ]
        }
    ]
}
[Modelarts Service Log]2021-08-12 18:42:28,448 - INFO - Rank table file (C7x)
[Modelarts Service Log]2021-08-12 18:42:28,448 - INFO - 
{
    "status": "completed",
    "version": "1.0",
    "server_count": "1",
    "server_list": [
        {
            "server_id": "192.168.0.242",
            "device": [
                {
                    "device_id": "5",
                    "device_ip": "192.2.171.121",
                    "rank_id": "0"
                }
            ]
        }
    ]
}
[Modelarts Service Log]2021-08-12 18:42:28,448 - INFO - Rank table file (C7x) is generated
[Modelarts Service Log]2021-08-12 18:42:28,449 - INFO - Current server
[Modelarts Service Log]2021-08-12 18:42:28,449 - INFO - 
{
    "server_id": "192.168.0.242",
    "device": [
        {
            "device_id": "5",
            "device_ip": "192.2.171.121",
            "rank_id": "0"
        }
    ]
}
[Modelarts Service Log]2021-08-12 18:42:28,449 - INFO - bootstrap proc-rank-0-device-0
[Modelarts Service Log]2021-08-12 18:42:28,457 - INFO - proc-rank-0-device-0 (pid: 103)
[WARNING] ME(103:281473697878032,MainProcess):2021-08-12-18:42:31.936.151 [mindspore/_check_version.py:207] MindSpore version 1.1.1 and "te" wheel package version 1.0 does not match, reference to the match info on: https://www.mindspore.cn/install
MindSpore version 1.1.1 and "topi" wheel package version 0.6.0 does not match, reference to the match info on: https://www.mindspore.cn/install
WARNING: 'ControlDepend' is deprecated from version 1.1 and will be removed in a future version, use 'Depend' instead.
[WARNING] ME(103:281473697878032,MainProcess):2021-08-12-18:42:32.855.621 [mindspore/ops/operations/array_ops.py:2302] WARN_DEPRECATED: The usage of Pack is deprecated. Please use Stack.
{'run_platform': 'run platform, support Ascend and CPU.', 'mindrecord_path': 'dataset path, e.g. /home/data.mindrecord', 'pretrained': 'pretrained model to load', 'local_rank': 'current rank to support distributed', 'use_loss_scale': 'Whether use dynamic loss scale, default is True.'}
INFO:root:Using MoXing-v1.17.3-43fbf97f
INFO:root:Using OBS-Python-SDK-3.20.7
from path:  s3://yolov3-test2/widerface/
to path:  /cache/data
===finish data synchronization===
===save flag===
Finish sync data from s3://yolov3-test2/widerface/ to /cache/data.
Dataset downloaded:  ['data.mindrecord6.db', 'data.mindrecord3', 'data.mindrecord2', 'data.mindrecord7.db', 'data.mindrecord1.db', 'data.mindrecord5.db', 'data.mindrecord0', 'face_detect_dataset.zip', 'data.mindrecord2.db', 'data.mindrecord4.db', 'data.mindrecord0.db', 'data.mindrecord3.db', 'data.mindrecord7', 'data.mindrecord6', 'data.mindrecord5', 'data.mindrecord4', 'data.mindrecord1']
from path:  s3://yolov3-test2/train_out/MA-FaceDetection-08-12-16-14/output/V0012/
to path:  /cache/train
INFO:root:No files to copy.
===finish data synchronization===
===save flag===
Finish sync data from s3://yolov3-test2/train_out/MA-FaceDetection-08-12-16-14/output/V0012/ to /cache/train.
Workspace downloaded:  []
Zip file path:  /cache/data/face_detect_dataset.zip
Unzip file save dir:  /cache/data
Extract Start...
unzip file num: 17
unzip percent: 0%
unzip percent: 5%
unzip percent: 11%
unzip percent: 17%
unzip percent: 23%
unzip percent: 29%
unzip percent: 35%
unzip percent: 41%
unzip percent: 47%
unzip percent: 52%
unzip percent: 58%
unzip percent: 64%
unzip percent: 70%
unzip percent: 76%
unzip percent: 82%
unzip percent: 88%
unzip percent: 94%
cost time: 0min:12s.
Extract Done.
===Finish extract data synchronization===
Device: 0, Finish sync unzip data from /cache/data/face_detect_dataset.zip to /cache/data.
config.outputs_dir /cache/train/output/2021-08-12_time_18_42_56
=============yolov3 start trainging==================
2021-08-12 18:42:56,236:INFO:start create dataloader
Traceback (most recent call last):
  File "/home/work/user-job-dir/code/train.py", line 217, in <module>
    run_train()
  File "/cache/user-job-dir/code/model_utils/moxing_adapter.py", line 105, in wrapped_func
    run_func(*args, **kwargs)
  File "/home/work/user-job-dir/code/train.py", line 133, in run_train
    ds = create_dataset(config)######
  File "/cache/user-job-dir/code/src/data_preprocess.py", line 251, in create_dataset
    shard_id=args.local_rank)
  File "/usr/local/ma/python3.7/lib/python3.7/site-packages/mindspore/dataset/engine/validators.py", line 351, in new_method
    check_file(dataset_file)
  File "/usr/local/ma/python3.7/lib/python3.7/site-packages/mindspore/dataset/core/validator_helpers.py", line 277, in check_file
    raise ValueError("The file {} does not exist or permission denied!".format(dataset_file))
ValueError: The file /cache/data/face_detect_dataset/mindrecord_train/data.mindrecord0 does not exist or permission denied!
[Modelarts Service Log]2021-08-12 18:42:57,492 - ERROR - proc-rank-0-device-0 (pid: 103) has exited with non-zero code: 1
[Modelarts Service Log]2021-08-12 18:42:57,493 - INFO - Begin destroy training processes
[Modelarts Service Log]2021-08-12 18:42:57,493 - INFO - proc-rank-0-device-0 (pid: 103) has exited
[Modelarts Service Log]2021-08-12 18:42:57,493 - INFO - End destroy training processes
[ModelArts Service Log]modelarts-pipe: total length: 7015
[Modelarts Service Log]Training end with return code: 1
[Modelarts Service Log]upload ascend-log to s3://yolov3-test2/train_out/MA-FaceDetection-08-12-16-14/log/ascend-log/ at 2021-08-12-18:42:57
upload_tail_log.py -l 2048 -o s3://yolov3-test2/train_out/MA-FaceDetection-08-12-16-14/log/ascend-log/
[Modelarts Service Log]upload ascend-log end at 2021-08-12-18:42:58
[Modelarts Service Log]Training end at 2021-08-12-18:42:58
[Modelarts Service Log]Training completed.
